{
  "RSpec": {
    "coverage": {
      "/Users/jona/Desktop/development/koulu/ror/ratebeer/app/helpers/application_helper.rb": [
        1,
        null
      ],
      "/Users/jona/Desktop/development/koulu/ror/ratebeer/app/helpers/beer_clubs_helper.rb": [
        1,
        null
      ],
      "/Users/jona/Desktop/development/koulu/ror/ratebeer/app/helpers/beers_helper.rb": [
        1,
        null
      ],
      "/Users/jona/Desktop/development/koulu/ror/ratebeer/app/helpers/breweries_helper.rb": [
        1,
        null
      ],
      "/Users/jona/Desktop/development/koulu/ror/ratebeer/app/helpers/memberships_helper.rb": [
        1,
        null
      ],
      "/Users/jona/Desktop/development/koulu/ror/ratebeer/app/helpers/styles_helper.rb": [
        1,
        null
      ],
      "/Users/jona/Desktop/development/koulu/ror/ratebeer/app/helpers/users_helper.rb": [
        1,
        null
      ],
      "/Users/jona/Desktop/development/koulu/ror/ratebeer/app/controllers/styles_controller.rb": [
        1,
        1,
        null,
        null,
        null,
        1,
        1,
        null,
        null,
        null,
        null,
        1,
        null,
        null,
        null,
        1,
        1,
        null,
        null,
        null,
        1,
        null,
        null,
        null,
        null,
        1,
        0,
        null,
        0,
        0,
        0,
        0,
        null,
        0,
        0,
        null,
        null,
        null,
        null,
        null,
        null,
        1,
        0,
        0,
        0,
        0,
        null,
        0,
        0,
        null,
        null,
        null,
        null,
        null,
        null,
        1,
        0,
        0,
        0,
        0,
        null,
        null,
        null,
        1,
        null,
        1,
        0,
        null,
        null,
        null,
        1,
        0,
        null,
        null
      ],
      "/Users/jona/Desktop/development/koulu/ror/ratebeer/app/controllers/application_controller.rb": [
        1,
        null,
        1,
        null,
        1,
        5,
        null,
        null,
        1,
        131,
        94,
        null,
        null
      ],
      "/Users/jona/Desktop/development/koulu/ror/ratebeer/app/models/beer.rb": [
        1,
        1,
        1,
        1,
        1,
        1,
        null,
        1,
        null,
        1,
        6,
        null,
        null
      ],
      "/Users/jona/Desktop/development/koulu/ror/ratebeer/app/models/application_record.rb": [
        1,
        1,
        null
      ],
      "/Users/jona/Desktop/development/koulu/ror/ratebeer/app/models/concerns/rating_average.rb": [
        1,
        1,
        null,
        1,
        15,
        15,
        null,
        15,
        17,
        17,
        17,
        null,
        15,
        15,
        null,
        null
      ],
      "/Users/jona/Desktop/development/koulu/ror/ratebeer/app/models/style.rb": [
        1,
        1,
        null
      ],
      "/Users/jona/Desktop/development/koulu/ror/ratebeer/app/models/user.rb": [
        1,
        1,
        null,
        1,
        null,
        1,
        null,
        1,
        1,
        1,
        null,
        1,
        1,
        1,
        1,
        null,
        1,
        4,
        null,
        3,
        null,
        null,
        1,
        16,
        null,
        7,
        null,
        null,
        1,
        16,
        null,
        7,
        null,
        null,
        null,
        null
      ],
      "/Users/jona/Desktop/development/koulu/ror/ratebeer/app/models/concerns/upper_validator.rb": [
        1,
        1,
        null,
        null,
        null,
        null,
        null,
        null,
        null,
        29,
        4,
        null,
        null,
        null,
        null,
        null,
        null
      ],
      "/Users/jona/Desktop/development/koulu/ror/ratebeer/app/models/concerns/number_validator.rb": [
        1,
        1,
        29,
        4,
        null,
        null,
        null
      ],
      "/Users/jona/Desktop/development/koulu/ror/ratebeer/app/models/brewery.rb": [
        1,
        1,
        null,
        1,
        1,
        null,
        1,
        1,
        null,
        42,
        null
      ],
      "/Users/jona/Desktop/development/koulu/ror/ratebeer/app/controllers/sessions_controller.rb": [
        1,
        1,
        null,
        null,
        null,
        1,
        8,
        8,
        7,
        7,
        null,
        1,
        null,
        null,
        null,
        1,
        null,
        0,
        null,
        0,
        null,
        null
      ],
      "/Users/jona/Desktop/development/koulu/ror/ratebeer/app/controllers/users_controller.rb": [
        1,
        1,
        null,
        null,
        null,
        1,
        0,
        null,
        null,
        null,
        null,
        1,
        null,
        null,
        null,
        1,
        1,
        null,
        null,
        null,
        1,
        null,
        null,
        null,
        null,
        1,
        1,
        null,
        1,
        1,
        2,
        1,
        null,
        0,
        0,
        null,
        null,
        null,
        null,
        null,
        null,
        1,
        0,
        0,
        0,
        0,
        null,
        0,
        0,
        null,
        null,
        null,
        null,
        null,
        null,
        1,
        0,
        0,
        0,
        0,
        0,
        0,
        null,
        null,
        0,
        null,
        null,
        null,
        1,
        null,
        1,
        15,
        null,
        null,
        null,
        1,
        1,
        null,
        null
      ],
      "/Users/jona/Desktop/development/koulu/ror/ratebeer/app/models/rating.rb": [
        1,
        1,
        1,
        null,
        1,
        null,
        null,
        null,
        1,
        7,
        null,
        null
      ],
      "/Users/jona/Desktop/development/koulu/ror/ratebeer/app/models/membership.rb": [
        1,
        1,
        1,
        null,
        1,
        null,
        null,
        null,
        null
      ],
      "/Users/jona/Desktop/development/koulu/ror/ratebeer/app/models/beer_club.rb": [
        1,
        1,
        1,
        null
      ],
      "/Users/jona/Desktop/development/koulu/ror/ratebeer/app/controllers/beers_controller.rb": [
        1,
        1,
        1,
        1,
        null,
        null,
        null,
        1,
        1,
        null,
        null,
        null,
        null,
        1,
        0,
        0,
        null,
        null,
        null,
        1,
        2,
        null,
        null,
        null,
        1,
        null,
        null,
        null,
        null,
        1,
        3,
        null,
        3,
        3,
        2,
        1,
        null,
        2,
        4,
        2,
        null,
        null,
        null,
        null,
        null,
        null,
        1,
        0,
        0,
        0,
        0,
        null,
        0,
        0,
        null,
        null,
        null,
        null,
        null,
        null,
        1,
        0,
        0,
        0,
        0,
        null,
        null,
        null,
        1,
        null,
        1,
        5,
        5,
        null,
        null,
        null,
        1,
        0,
        null,
        null,
        null,
        1,
        3,
        null,
        null
      ],
      "/Users/jona/Desktop/development/koulu/ror/ratebeer/app/controllers/breweries_controller.rb": [
        1,
        1,
        1,
        null,
        null,
        null,
        1,
        3,
        null,
        null,
        null,
        null,
        1,
        null,
        null,
        null,
        1,
        0,
        null,
        null,
        null,
        1,
        null,
        null,
        null,
        null,
        1,
        0,
        null,
        0,
        0,
        0,
        0,
        null,
        0,
        0,
        null,
        null,
        null,
        null,
        null,
        null,
        1,
        0,
        0,
        0,
        0,
        null,
        0,
        0,
        null,
        null,
        null,
        null,
        null,
        null,
        1,
        0,
        0,
        0,
        0,
        null,
        null,
        null,
        1,
        null,
        null,
        1,
        1,
        null,
        null,
        null,
        1,
        0,
        null,
        null
      ],
      "/Users/jona/Desktop/development/koulu/ror/ratebeer/lib/beermapping_api.rb": [
        1,
        1,
        3,
        6,
        null,
        null,
        1,
        3,
        null,
        3,
        3,
        null,
        3,
        null,
        2,
        2,
        13,
        null,
        null,
        null,
        1,
        3,
        3,
        null,
        null
      ],
      "/Users/jona/Desktop/development/koulu/ror/ratebeer/app/models/place.rb": [
        1,
        1,
        5,
        null,
        null
      ],
      "/Users/jona/Desktop/development/koulu/ror/ratebeer/app/controllers/places_controller.rb": [
        1,
        1,
        null,
        null,
        1,
        null,
        0,
        null,
        null,
        1,
        3,
        3,
        1,
        null,
        2,
        2,
        null,
        null,
        null
      ],
      "/Users/jona/Desktop/development/koulu/ror/ratebeer/app/controllers/ratings_controller.rb": [
        1,
        1,
        1,
        1,
        null,
        null,
        1,
        4,
        4,
        null,
        null,
        1,
        4,
        4,
        null,
        4,
        4,
        null,
        0,
        0,
        null,
        null,
        null,
        1,
        1,
        1,
        1,
        null,
        null
      ],
      "/Users/jona/Desktop/development/koulu/ror/ratebeer/app/channels/application_cable/channel.rb": [
        0,
        0,
        0,
        0
      ],
      "/Users/jona/Desktop/development/koulu/ror/ratebeer/app/channels/application_cable/connection.rb": [
        0,
        0,
        0,
        0
      ],
      "/Users/jona/Desktop/development/koulu/ror/ratebeer/app/controllers/beer_clubs_controller.rb": [
        0,
        0,
        0,
        null,
        null,
        null,
        0,
        0,
        0,
        null,
        null,
        null,
        0,
        0,
        0,
        null,
        0,
        0,
        0,
        0,
        0,
        0,
        0,
        0,
        0,
        0,
        0,
        null,
        null,
        0,
        0,
        0,
        null,
        null,
        0,
        0,
        null,
        null,
        null,
        0,
        0,
        null,
        0,
        0,
        0,
        0,
        0,
        0,
        0,
        0,
        0,
        0,
        null,
        null,
        null,
        0,
        0,
        0,
        0,
        0,
        0,
        0,
        0,
        0,
        0,
        0,
        null,
        null,
        null,
        0,
        0,
        0,
        0,
        0,
        0,
        0,
        null,
        0,
        null,
        0,
        0,
        0,
        null,
        null,
        0,
        0,
        0,
        0
      ],
      "/Users/jona/Desktop/development/koulu/ror/ratebeer/app/controllers/memberships_controller.rb": [
        0,
        0,
        null,
        null,
        null,
        0,
        0,
        0,
        null,
        null,
        null,
        0,
        0,
        null,
        null,
        0,
        0,
        0,
        0,
        null,
        null,
        0,
        0,
        null,
        null,
        null,
        0,
        0,
        0,
        null,
        0,
        0,
        0,
        0,
        0,
        0,
        0,
        0,
        0,
        0,
        0,
        null,
        null,
        null,
        0,
        0,
        0,
        0,
        0,
        0,
        0,
        0,
        0,
        0,
        0,
        null,
        null,
        null,
        0,
        0,
        0,
        0,
        0,
        0,
        0,
        null,
        0,
        null,
        0,
        0,
        0,
        null,
        null,
        0,
        0,
        0,
        0
      ],
      "/Users/jona/Desktop/development/koulu/ror/ratebeer/app/jobs/application_job.rb": [
        0,
        0
      ],
      "/Users/jona/Desktop/development/koulu/ror/ratebeer/app/mailers/application_mailer.rb": [
        0,
        0,
        0,
        0
      ]
    },
    "timestamp": 1539255015
  }
}
